[debug] [2021-03-09T18:08:35.205Z] ----------------------------------------------------------------------
[debug] [2021-03-09T18:08:35.206Z] Command:       C:\Program Files (x86)\nodejs\node.exe C:\Users\Hyden\AppData\Roaming\npm\node_modules\firebase-tools\lib\bin\firebase.js init
[debug] [2021-03-09T18:08:35.207Z] CLI Version:   9.6.0
[debug] [2021-03-09T18:08:35.207Z] Platform:      win32
[debug] [2021-03-09T18:08:35.207Z] Node Version:  v14.15.4
[debug] [2021-03-09T18:08:35.208Z] Time:          Tue Mar 09 2021 23:38:35 GMT+0530 (India Standard Time)
[debug] [2021-03-09T18:08:35.208Z] ----------------------------------------------------------------------
[debug] [2021-03-09T18:08:35.208Z] 
[debug] [2021-03-09T18:08:35.213Z] > command requires scopes: ["email","openid","https://www.googleapis.com/auth/cloudplatformprojects.readonly","https://www.googleapis.com/auth/firebase","https://www.googleapis.com/auth/cloud-platform"]
[debug] [2021-03-09T18:08:35.214Z] > authorizing via signed-in user
[info] 
     ######## #### ########  ######## ########     ###     ######  ########
     ##        ##  ##     ## ##       ##     ##  ##   ##  ##       ##
     ######    ##  ########  ######   ########  #########  ######  ######
     ##        ##  ##    ##  ##       ##     ## ##     ##       ## ##
     ##       #### ##     ## ######## ########  ##     ##  ######  ########

You're about to initialize a Firebase project in this directory:

  D:\javascript\tinder-clone\tinder-frontend

[info] 
=== Project Setup
[info] 
[info] First, let's associate this project directory with a Firebase project.
[info] You can create multiple project aliases by running firebase use --add, 
[info] but for now we'll just set up a default project.
[info] 
[debug] [2021-03-09T18:08:51.887Z] >>> [apiv2][query] GET https://firebase.googleapis.com/v1beta1/projects pageSize=100
[debug] [2021-03-09T18:08:52.591Z] <<< [apiv2][status] GET https://firebase.googleapis.com/v1beta1/projects 200
[debug] [2021-03-09T18:08:52.591Z] <<< [apiv2][body] GET https://firebase.googleapis.com/v1beta1/projects [omitted]
[info] i  Using project tinder-clone-f01bd (tinder-clone) 
[debug] [2021-03-09T18:08:57.022Z] Error: EBUSY: resource busy or locked, rename 'C:\Users\Hyden\.config\configstore\firebase-tools.json.2265574571' -> 'C:\Users\Hyden\.config\configstore\firebase-tools.json'
    at Object.renameSync (fs.js:772:3)
    at Function.writeFileSync [as sync] (C:\Users\Hyden\AppData\Roaming\npm\node_modules\firebase-tools\node_modules\write-file-atomic\index.js:244:8)
    at Configstore.set all [as all] (C:\Users\Hyden\AppData\Roaming\npm\node_modules\firebase-tools\node_modules\configstore\index.js:61:20)
    at Configstore.set (C:\Users\Hyden\AppData\Roaming\npm\node_modules\firebase-tools\node_modules\configstore\index.js:91:12)
    at Object.makeActiveProject (C:\Users\Hyden\AppData\Roaming\npm\node_modules\firebase-tools\lib\utils.js:148:31)
    at Object.doSetup [as project] (C:\Users\Hyden\AppData\Roaming\npm\node_modules\firebase-tools\lib\init\features\project.js:98:11)
    at processTicksAndRejections (internal/process/task_queues.js:93:5)
    at async init (C:\Users\Hyden\AppData\Roaming\npm\node_modules\firebase-tools\lib\init\index.js:19:9)
[error] 
[error] Error: An unexpected error has occurred.
[debug] [2021-03-09T18:09:10.704Z] ----------------------------------------------------------------------
[debug] [2021-03-09T18:09:10.706Z] Command:       C:\Program Files (x86)\nodejs\node.exe C:\Users\Hyden\AppData\Roaming\npm\node_modules\firebase-tools\lib\bin\firebase.js init
[debug] [2021-03-09T18:09:10.706Z] CLI Version:   9.6.0
[debug] [2021-03-09T18:09:10.706Z] Platform:      win32
[debug] [2021-03-09T18:09:10.706Z] Node Version:  v14.15.4
[debug] [2021-03-09T18:09:10.707Z] Time:          Tue Mar 09 2021 23:39:10 GMT+0530 (India Standard Time)
[debug] [2021-03-09T18:09:10.707Z] ----------------------------------------------------------------------
[debug] [2021-03-09T18:09:10.708Z] 
[debug] [2021-03-09T18:09:10.712Z] > command requires scopes: ["email","openid","https://www.googleapis.com/auth/cloudplatformprojects.readonly","https://www.googleapis.com/auth/firebase","https://www.googleapis.com/auth/cloud-platform"]
[debug] [2021-03-09T18:09:10.713Z] > authorizing via signed-in user
[info] 
     ######## #### ########  ######## ########     ###     ######  ########
     ##        ##  ##     ## ##       ##     ##  ##   ##  ##       ##
     ######    ##  ########  ######   ########  #########  ######  ######
     ##        ##  ##    ##  ##       ##     ## ##     ##       ## ##
     ##       #### ##     ## ######## ########  ##     ##  ######  ########

You're about to initialize a Firebase project in this directory:

  D:\javascript\tinder-clone\tinder-frontend

[info] 
=== Project Setup
[info] 
[info] First, let's associate this project directory with a Firebase project.
[info] You can create multiple project aliases by running firebase use --add, 
[info] but for now we'll just set up a default project.
[info] 
[info] i  If you want to create a project in a Google Cloud organization or folder, please use "firebase projects:create" instead, and return to this command when you've created the project. 
[debug] [2021-03-09T18:10:18.138Z] > refreshing access token with scopes: ["email","https://www.googleapis.com/auth/cloud-platform","https://www.googleapis.com/auth/cloudplatformprojects.readonly","https://www.googleapis.com/auth/firebase","openid"]
[debug] [2021-03-09T18:10:18.138Z] >>> HTTP REQUEST POST https://www.googleapis.com/oauth2/v3/token  
 <request body omitted>
[debug] [2021-03-09T18:10:18.402Z] <<< HTTP RESPONSE 200 {"expires":"Mon, 01 Jan 1990 00:00:00 GMT","cache-control":"no-cache, no-store, max-age=0, must-revalidate","date":"Tue, 09 Mar 2021 18:10:19 GMT","pragma":"no-cache","content-type":"application/json; charset=utf-8","vary":"X-Origin, Referer, Origin,Accept-Encoding","server":"scaffolding on HTTPServer2","x-xss-protection":"0","x-frame-options":"SAMEORIGIN","x-content-type-options":"nosniff","alt-svc":"h3-29=\":443\"; ma=2592000,h3-T051=\":443\"; ma=2592000,h3-Q050=\":443\"; ma=2592000,h3-Q046=\":443\"; ma=2592000,h3-Q043=\":443\"; ma=2592000,quic=\":443\"; ma=2592000; v=\"46,43\"","accept-ranges":"none","transfer-encoding":"chunked"}
[debug] [2021-03-09T18:10:18.583Z] FirebaseError: Authentication Error: Your credentials are no longer valid. Please run firebase login --reauth

For CI servers and headless environments, generate a new token with firebase login:ci
    at invalidCredentialError (C:\Users\Hyden\AppData\Roaming\npm\node_modules\firebase-tools\lib\auth.js:26:12)
    at refreshTokens (C:\Users\Hyden\AppData\Roaming\npm\node_modules\firebase-tools\lib\auth.js:297:15)
    at processTicksAndRejections (internal/process/task_queues.js:93:5)
    at async createCloudProject (C:\Users\Hyden\AppData\Roaming\npm\node_modules\firebase-tools\lib\management\projects.js:174:26)
    at async Object.createFirebaseProjectAndLog (C:\Users\Hyden\AppData\Roaming\npm\node_modules\firebase-tools\lib\management\projects.js:46:9)
    at async promptAndCreateNewProject (C:\Users\Hyden\AppData\Roaming\npm\node_modules\firebase-tools\lib\init\features\project.js:32:12)
    at async Object.doSetup [as project] (C:\Users\Hyden\AppData\Roaming\npm\node_modules\firebase-tools\lib\init\features\project.js:87:27)
    at async init (C:\Users\Hyden\AppData\Roaming\npm\node_modules\firebase-tools\lib\init\index.js:19:9)
[error] 
[error] Error: Failed to create project. See firebase-debug.log for more info.
[debug] [2021-03-09T18:10:18.846Z] Error: EBUSY: resource busy or locked, rename 'C:\Users\Hyden\.config\configstore\firebase-tools.json.3928035948' -> 'C:\Users\Hyden\.config\configstore\firebase-tools.json'
    at Object.renameSync (fs.js:772:3)
    at Function.writeFileSync [as sync] (C:\Users\Hyden\AppData\Roaming\npm\node_modules\firebase-tools\node_modules\write-file-atomic\index.js:244:8)
    at Configstore.set all [as all] (C:\Users\Hyden\AppData\Roaming\npm\node_modules\firebase-tools\node_modules\configstore\index.js:61:20)
    at Configstore.set (C:\Users\Hyden\AppData\Roaming\npm\node_modules\firebase-tools\node_modules\configstore\index.js:91:12)
    at process.<anonymous> (C:\Users\Hyden\AppData\Roaming\npm\node_modules\firebase-tools\lib\bin\firebase.js:108:21)
    at process.emit (events.js:327:22)
    at processEmit [as emit] (C:\Users\Hyden\AppData\Roaming\npm\node_modules\firebase-tools\node_modules\signal-exit\index.js:155:35)
    at process.exit (internal/process/per_thread.js:169:15)
    at Timeout._onTimeout (C:\Users\Hyden\AppData\Roaming\npm\node_modules\firebase-tools\lib\errorOut.js:20:17)
    at listOnTimeout (internal/timers.js:554:17)
    at processTimers (internal/timers.js:497:7)
[error] 
[error] Error: An unexpected error has occurred.
[debug] [2021-03-09T18:10:56.710Z] ----------------------------------------------------------------------
[debug] [2021-03-09T18:10:56.712Z] Command:       C:\Program Files (x86)\nodejs\node.exe C:\Users\Hyden\AppData\Roaming\npm\node_modules\firebase-tools\lib\bin\firebase.js init
[debug] [2021-03-09T18:10:56.712Z] CLI Version:   9.6.0
[debug] [2021-03-09T18:10:56.712Z] Platform:      win32
[debug] [2021-03-09T18:10:56.712Z] Node Version:  v14.15.4
[debug] [2021-03-09T18:10:56.713Z] Time:          Tue Mar 09 2021 23:40:56 GMT+0530 (India Standard Time)
[debug] [2021-03-09T18:10:56.714Z] ----------------------------------------------------------------------
[debug] [2021-03-09T18:10:56.714Z] 
[debug] [2021-03-09T18:10:56.720Z] > command requires scopes: ["email","openid","https://www.googleapis.com/auth/cloudplatformprojects.readonly","https://www.googleapis.com/auth/firebase","https://www.googleapis.com/auth/cloud-platform"]
[debug] [2021-03-09T18:10:56.721Z] > authorizing via signed-in user
[info] 
     ######## #### ########  ######## ########     ###     ######  ########
     ##        ##  ##     ## ##       ##     ##  ##   ##  ##       ##
     ######    ##  ########  ######   ########  #########  ######  ######
     ##        ##  ##    ##  ##       ##     ## ##     ##       ## ##
     ##       #### ##     ## ######## ########  ##     ##  ######  ########

You're about to initialize a Firebase project in this directory:

  D:\javascript\tinder-clone\tinder-frontend

[info] 
=== Project Setup
[info] 
[info] First, let's associate this project directory with a Firebase project.
[info] You can create multiple project aliases by running firebase use --add, 
[info] but for now we'll just set up a default project.
[info] 
[debug] [2021-03-09T18:11:13.229Z] >>> [apiv2][query] GET https://firebase.googleapis.com/v1beta1/projects pageSize=100
[debug] [2021-03-09T18:11:13.734Z] <<< [apiv2][status] GET https://firebase.googleapis.com/v1beta1/projects 200
[debug] [2021-03-09T18:11:13.734Z] <<< [apiv2][body] GET https://firebase.googleapis.com/v1beta1/projects [omitted]
[info] i  Using project tinder-clone-f01bd (tinder-clone) 
[debug] [2021-03-09T18:11:18.463Z] Error: EBUSY: resource busy or locked, rename 'C:\Users\Hyden\.config\configstore\firebase-tools.json.383469458' -> 'C:\Users\Hyden\.config\configstore\firebase-tools.json'
    at Object.renameSync (fs.js:772:3)
    at Function.writeFileSync [as sync] (C:\Users\Hyden\AppData\Roaming\npm\node_modules\firebase-tools\node_modules\write-file-atomic\index.js:244:8)
    at Configstore.set all [as all] (C:\Users\Hyden\AppData\Roaming\npm\node_modules\firebase-tools\node_modules\configstore\index.js:61:20)
    at Configstore.set (C:\Users\Hyden\AppData\Roaming\npm\node_modules\firebase-tools\node_modules\configstore\index.js:91:12)
    at Object.makeActiveProject (C:\Users\Hyden\AppData\Roaming\npm\node_modules\firebase-tools\lib\utils.js:148:31)
    at Object.doSetup [as project] (C:\Users\Hyden\AppData\Roaming\npm\node_modules\firebase-tools\lib\init\features\project.js:98:11)
    at processTicksAndRejections (internal/process/task_queues.js:93:5)
    at async init (C:\Users\Hyden\AppData\Roaming\npm\node_modules\firebase-tools\lib\init\index.js:19:9)
[error] 
[error] Error: An unexpected error has occurred.
[debug] [2021-03-09T18:14:52.581Z] ----------------------------------------------------------------------
[debug] [2021-03-09T18:14:52.584Z] Command:       C:\Program Files (x86)\nodejs\node.exe C:\Users\Hyden\AppData\Roaming\npm\node_modules\firebase-tools\lib\bin\firebase.js init
[debug] [2021-03-09T18:14:52.585Z] CLI Version:   9.6.0
[debug] [2021-03-09T18:14:52.585Z] Platform:      win32
[debug] [2021-03-09T18:14:52.585Z] Node Version:  v14.15.4
[debug] [2021-03-09T18:14:52.587Z] Time:          Tue Mar 09 2021 23:44:52 GMT+0530 (India Standard Time)
[debug] [2021-03-09T18:14:52.588Z] ----------------------------------------------------------------------
[debug] [2021-03-09T18:14:52.588Z] 
[debug] [2021-03-09T18:14:52.596Z] > command requires scopes: ["email","openid","https://www.googleapis.com/auth/cloudplatformprojects.readonly","https://www.googleapis.com/auth/firebase","https://www.googleapis.com/auth/cloud-platform"]
[debug] [2021-03-09T18:14:52.597Z] > authorizing via signed-in user
[info] 
     ######## #### ########  ######## ########     ###     ######  ########
     ##        ##  ##     ## ##       ##     ##  ##   ##  ##       ##
     ######    ##  ########  ######   ########  #########  ######  ######
     ##        ##  ##    ##  ##       ##     ## ##     ##       ## ##
     ##       #### ##     ## ######## ########  ##     ##  ######  ########

You're about to initialize a Firebase project in this directory:

  D:\javascript\tinder-clone\tinder-frontend

[info] 
=== Project Setup
[info] 
[info] First, let's associate this project directory with a Firebase project.
[info] You can create multiple project aliases by running firebase use --add, 
[info] but for now we'll just set up a default project.
[info] 
[debug] [2021-03-09T18:15:00.865Z] >>> [apiv2][query] GET https://firebase.googleapis.com/v1beta1/projects pageSize=100
[debug] [2021-03-09T18:15:01.726Z] <<< [apiv2][status] GET https://firebase.googleapis.com/v1beta1/projects 200
[debug] [2021-03-09T18:15:01.726Z] <<< [apiv2][body] GET https://firebase.googleapis.com/v1beta1/projects [omitted]
[info] i  Using project tinder-clone-f01bd (tinder-clone) 
[info] 
=== Hosting Setup
[info] 
[info] Your public directory is the folder (relative to your project directory) that
[info] will contain Hosting assets to be uploaded with firebase deploy. If you
[info] have a build process for your assets, use your build's output directory.
[info] 
[debug] [2021-03-09T18:15:21.171Z] >>> [apiv2][query] GET https://www.gstatic.com/firebasejs/releases.json [none]
[debug] [2021-03-09T18:15:21.272Z] <<< [apiv2][status] GET https://www.gstatic.com/firebasejs/releases.json 200
[debug] [2021-03-09T18:15:21.273Z] <<< [apiv2][body] GET https://www.gstatic.com/firebasejs/releases.json {"current":{"version":"8.2.10","browserURL":"https://www.gstatic.com/firebasejs/8.2.10/firebase.js","packageURL":"https://www.gstatic.com/firebasejs/8.2.10/firebase.tgz"},"live":{"version":"8.2","browserURL":"https://www.gstatic.com/firebasejs/live/8.2/firebase.js","packageURL":"https://www.gstatic.com/firebasejs/live/8.2/firebase.tgz"},"components":{"analytics":"https://www.gstatic.com/firebasejs/8.2.10/firebase-analytics.js","app":"https://www.gstatic.com/firebasejs/8.2.10/firebase-app.js","auth":"https://www.gstatic.com/firebasejs/8.2.10/firebase-auth.js","database":"https://www.gstatic.com/firebasejs/8.2.10/firebase-database.js","firestore":"https://www.gstatic.com/firebasejs/8.2.10/firebase-firestore.js","functions":"https://www.gstatic.com/firebasejs/8.2.10/firebase-functions.js","installations":"https://www.gstatic.com/firebasejs/8.2.10/firebase-installations.js","messaging":"https://www.gstatic.com/firebasejs/8.2.10/firebase-messaging.js","storage":"https://www.gstatic.com/firebasejs/8.2.10/firebase-storage.js","performance":"https://www.gstatic.com/firebasejs/8.2.10/firebase-performance.js","remote-config":"https://www.gstatic.com/firebasejs/8.2.10/firebase-remote-config.js","firestore.memory":"https://www.gstatic.com/firebasejs/8.2.10/firebase-firestore.memory.js"}}
[info] +  Wrote y/index.html 
[info] 
[info] i  Detected a .git folder at D:\javascript\tinder-clone\tinder-frontend 
[info] i  Authorizing with GitHub to upload your service account to a GitHub repository's secrets store. 
[info] 
[info] Visit this URL on this device to log in:
[info] https://github.com/login/oauth/authorize?client_id=89cf50f02ac6aaed3484&state=726816110&redirect_uri=http%3A%2F%2Flocalhost%3A9005&scope=read%3Auser%20repo%20public_repo
[info] 
[info] Waiting for authentication...
[debug] [2021-03-09T18:15:40.503Z] >>> HTTP REQUEST POST https://github.com/login/oauth/access_token  
 {"client_id":"89cf50f02ac6aaed3484","client_secret":"3330d14abc895d9a74d5f17cd7a00711fa2c5bf0","code":"ef679822af93861e5657","redirect_uri":"http://localhost:9005","state":"726816110"}
[debug] [2021-03-09T18:15:40.903Z] <<< HTTP RESPONSE 200 {"server":"GitHub.com","date":"Tue, 09 Mar 2021 18:15:41 GMT","content-type":"application/json; charset=utf-8","transfer-encoding":"chunked","vary":"X-PJAX, Accept-Encoding, Accept, X-Requested-With","etag":"W/\"c9ed9a4a858d849e4d44552093a94a59\"","cache-control":"max-age=0, private, must-revalidate","strict-transport-security":"max-age=31536000; includeSubdomains; preload","x-frame-options":"deny","x-content-type-options":"nosniff","x-xss-protection":"1; mode=block","referrer-policy":"origin-when-cross-origin, strict-origin-when-cross-origin","expect-ct":"max-age=2592000, report-uri=\"https://api.github.com/_private/browser/errors\"","content-security-policy":"default-src 'none'; base-uri 'self'; block-all-mixed-content; connect-src 'self' uploads.github.com www.githubstatus.com collector.githubapp.com api.github.com github-cloud.s3.amazonaws.com github-production-repository-file-5c1aeb.s3.amazonaws.com github-production-upload-manifest-file-7fdce7.s3.amazonaws.com github-production-user-asset-6210df.s3.amazonaws.com cdn.optimizely.com logx.optimizely.com/v1/events wss://alive.github.com; font-src github.githubassets.com; form-action 'self' github.com gist.github.com; frame-ancestors 'none'; frame-src render.githubusercontent.com; img-src 'self' data: github.githubassets.com identicons.github.com collector.githubapp.com github-cloud.s3.amazonaws.com secured-user-images.githubusercontent.com/ *.githubusercontent.com; manifest-src 'self'; media-src 'none'; script-src github.githubassets.com; style-src 'unsafe-inline' github.githubassets.com; worker-src github.com/socket-worker-6832eced.js gist.github.com/socket-worker-6832eced.js","x-github-request-id":"D114:7C05:557C31:6E11B5:6047BB4D"}
[debug] [2021-03-09T18:15:40.909Z] >>> [apiv2][query] GET https://api.github.com/user [none]
[debug] [2021-03-09T18:15:41.280Z] <<< [apiv2][status] GET https://api.github.com/user 200
[debug] [2021-03-09T18:15:41.280Z] <<< [apiv2][body] GET https://api.github.com/user {"login":"Rahulbhartihyden","id":32572640,"node_id":"MDQ6VXNlcjMyNTcyNjQw","avatar_url":"https://avatars.githubusercontent.com/u/32572640?v=4","gravatar_id":"","url":"https://api.github.com/users/Rahulbhartihyden","html_url":"https://github.com/Rahulbhartihyden","followers_url":"https://api.github.com/users/Rahulbhartihyden/followers","following_url":"https://api.github.com/users/Rahulbhartihyden/following{/other_user}","gists_url":"https://api.github.com/users/Rahulbhartihyden/gists{/gist_id}","starred_url":"https://api.github.com/users/Rahulbhartihyden/starred{/owner}{/repo}","subscriptions_url":"https://api.github.com/users/Rahulbhartihyden/subscriptions","organizations_url":"https://api.github.com/users/Rahulbhartihyden/orgs","repos_url":"https://api.github.com/users/Rahulbhartihyden/repos","events_url":"https://api.github.com/users/Rahulbhartihyden/events{/privacy}","received_events_url":"https://api.github.com/users/Rahulbhartihyden/received_events","type":"User","site_admin":false,"name":null,"company":null,"blog":"","location":null,"email":null,"hireable":null,"bio":null,"twitter_username":null,"public_repos":17,"public_gists":0,"followers":0,"following":1,"created_at":"2017-10-06T13:28:12Z","updated_at":"2021-03-09T18:15:38Z","private_gists":0,"total_private_repos":0,"owned_private_repos":0,"disk_usage":20741,"collaborators":0,"two_factor_authentication":false,"plan":{"name":"free","space":976562499,"collaborators":0,"private_repos":10000}}
[info] 
[info] +  Success! Logged into GitHub as Rahulbhartihyden 
[info] 
[debug] [2021-03-09T18:15:47.716Z] >>> [apiv2][query] GET https://api.github.com/repos/y/actions/secrets/public-key type=owner
[debug] [2021-03-09T18:15:48.080Z] <<< [apiv2][status] GET https://api.github.com/repos/y/actions/secrets/public-key 404
[debug] [2021-03-09T18:15:48.080Z] <<< [apiv2][body] GET https://api.github.com/repos/y/actions/secrets/public-key {"message":"Not Found","documentation_url":"https://docs.github.com/rest"}
